<?xml version="1.0" encoding="UTF-8"?>
<!-- Generated by org.testng.reporters.JUnitReportReporter -->
<testsuite hostname="LAPTOP-IT7JOLC2" failures="0" tests="15" name="com.myproject.tests.ApiListPageFunctionalTest" time="30.386" errors="0" timestamp="2025-09-16T19:07:54 IST" skipped="0">
  <testcase classname="com.myproject.tests.ApiListPageFunctionalTest" name="tc_api_list_page_loads" time="0.037"/>
  <testcase classname="com.myproject.tests.ApiListPageFunctionalTest" name="tc_logo_present" time="0.015"/>
  <testcase classname="com.myproject.tests.ApiListPageFunctionalTest" name="tc_feedback_section" time="0.524"/>
  <testcase classname="com.myproject.tests.ApiListPageFunctionalTest" name="tc_feedback_email" time="0.648"/>
  <testcase classname="com.myproject.tests.ApiListPageFunctionalTest" name="tc_api_anchors_not_empty" time="0.599"/>
  <testcase classname="com.myproject.tests.ApiListPageFunctionalTest" name="tc_anchors_have_href" time="0.799"/>
  <testcase classname="com.myproject.tests.ApiListPageFunctionalTest" name="tc_at_least_14_endpoints" time="0.527"/>
  <testcase classname="com.myproject.tests.ApiListPageFunctionalTest" name="tc_api_links_open_behavior" time="0.888"/>
  <testcase classname="com.myproject.tests.ApiListPageFunctionalTest" name="tc_anchor_contains_api_url" time="0.546"/>
  <testcase classname="com.myproject.tests.ApiListPageFunctionalTest" name="tc_verify_each_api_entry_details" time="12.948"/>
  <testcase classname="com.myproject.tests.ApiListPageFunctionalTest" name="tc_debug_print_anchors" time="1.220"/>
  <testcase classname="com.myproject.tests.ApiListPageFunctionalTest" name="tc_footer_present" time="0.011"/>
  <testcase classname="com.myproject.tests.ApiListPageFunctionalTest" name="tc_open_first_anchor_and_return" time="2.114"/>
  <testcase classname="com.myproject.tests.ApiListPageFunctionalTest" name="tc_anchors_contain_method_keywords" time="9.026"/>
  <testcase classname="com.myproject.tests.ApiListPageFunctionalTest" name="tc_reload_api_list_page" time="0.484"/>
</testsuite> <!-- com.myproject.tests.ApiListPageFunctionalTest -->
