<?xml version="1.0" encoding="UTF-8"?>
<!-- Generated by org.testng.reporters.JUnitReportReporter -->
<testsuite hostname="LAPTOP-IT7JOLC2" failures="0" tests="21" name="com.myproject.tests.ContactUsPageUITest" time="37.760" errors="0" timestamp="2025-09-10T01:31:44 IST" skipped="0">
  <testcase classname="com.myproject.tests.ContactUsPageUITest" name="tc_testcases_nav" time="2.654"/>
  <testcase classname="com.myproject.tests.ContactUsPageUITest" name="tc_home_nav" time="3.706"/>
  <testcase classname="com.myproject.tests.ContactUsPageUITest" name="tc_video_nav" time="6.663"/>
  <testcase classname="com.myproject.tests.ContactUsPageUITest" name="tc_contact_page_loads" time="0.932"/>
  <testcase classname="com.myproject.tests.ContactUsPageUITest" name="tc_signup_nav" time="2.154"/>
  <testcase classname="com.myproject.tests.ContactUsPageUITest" name="tc_name_field_present" time="0.894"/>
  <testcase classname="com.myproject.tests.ContactUsPageUITest" name="tc_email_field_present" time="0.708"/>
  <testcase classname="com.myproject.tests.ContactUsPageUITest" name="tc_contact_nav" time="2.145"/>
  <testcase classname="com.myproject.tests.ContactUsPageUITest" name="tc_products_nav" time="3.358"/>
  <testcase classname="com.myproject.tests.ContactUsPageUITest" name="tc_api_nav" time="3.226"/>
  <testcase classname="com.myproject.tests.ContactUsPageUITest" name="tc_choose_file_present" time="0.790"/>
  <testcase classname="com.myproject.tests.ContactUsPageUITest" name="tc_submit_button_present" time="0.654"/>
  <testcase classname="com.myproject.tests.ContactUsPageUITest" name="tc_cart_nav" time="3.309"/>
  <testcase classname="com.myproject.tests.ContactUsPageUITest" name="tc_feedback_section_present" time="0.633"/>
  <testcase classname="com.myproject.tests.ContactUsPageUITest" name="tc_logo_present" time="0.730"/>
  <testcase classname="com.myproject.tests.ContactUsPageUITest" name="tc_feedback_mail_present" time="0.835"/>
  <testcase classname="com.myproject.tests.ContactUsPageUITest" name="tc_footer_present" time="0.827"/>
  <testcase classname="com.myproject.tests.ContactUsPageUITest" name="tc_message_field_present" time="0.830"/>
  <testcase classname="com.myproject.tests.ContactUsPageUITest" name="tc_get_in_touch_title" time="0.670"/>
  <testcase classname="com.myproject.tests.ContactUsPageUITest" name="tc_subject_field_present" time="1.084"/>
  <testcase classname="com.myproject.tests.ContactUsPageUITest" name="tc_contact_title_centered" time="0.958"/>
</testsuite> <!-- com.myproject.tests.ContactUsPageUITest -->
