<?xml version="1.0" encoding="UTF-8"?>
<!-- Generated by org.testng.reporters.JUnitReportReporter -->
<testsuite hostname="LAPTOP-IT7JOLC2" failures="0" tests="15" name="com.myproject.tests.ProductPageFunctionalTest" time="83.149" errors="0" timestamp="2025-09-16T18:42:41 IST" skipped="0">
  <testcase classname="com.myproject.tests.ProductPageFunctionalTest" name="verifyNavigationToProductsPage" time="5.596"/>
  <testcase classname="com.myproject.tests.ProductPageFunctionalTest" name="verifySearchFunctionality" time="6.196"/>
  <testcase classname="com.myproject.tests.ProductPageFunctionalTest" name="verifyAddToCartAndContinueShopping" time="5.095"/>
  <testcase classname="com.myproject.tests.ProductPageFunctionalTest" name="verifyAddToCartAndViewCart" time="6.917"/>
  <testcase classname="com.myproject.tests.ProductPageFunctionalTest" name="verifyWomenCategoryFilter" time="4.802"/>
  <testcase classname="com.myproject.tests.ProductPageFunctionalTest" name="verifyMenCategoryFilter" time="4.379"/>
  <testcase classname="com.myproject.tests.ProductPageFunctionalTest" name="verifyKidsCategoryFilter" time="4.042"/>
  <testcase classname="com.myproject.tests.ProductPageFunctionalTest" name="verifyPoloBrandFilter" time="5.745"/>
  <testcase classname="com.myproject.tests.ProductPageFunctionalTest" name="verifyHMBrandFilter" time="5.699"/>
  <testcase classname="com.myproject.tests.ProductPageFunctionalTest" name="verifyMadameBrandFilter" time="5.436"/>
  <testcase classname="com.myproject.tests.ProductPageFunctionalTest" name="verifySubscriptionWithValidEmail" time="6.066"/>
  <testcase classname="com.myproject.tests.ProductPageFunctionalTest" name="verifyFooterPresenceAfterScroll" time="4.615"/>
  <testcase classname="com.myproject.tests.ProductPageFunctionalTest" name="verifyScrollUpButtonWorks" time="4.738"/>
  <testcase classname="com.myproject.tests.ProductPageFunctionalTest" name="verifyMultipleProductSearch" time="9.716"/>
  <testcase classname="com.myproject.tests.ProductPageFunctionalTest" name="verifyProductGridVisibleOnPageLoad" time="4.107"/>
</testsuite> <!-- com.myproject.tests.ProductPageFunctionalTest -->
