<?xml version="1.0" encoding="UTF-8"?>
<!-- Generated by org.testng.reporters.JUnitReportReporter -->
<testsuite hostname="LAPTOP-IT7JOLC2" failures="0" tests="1" name="com.myproject.tests.SampleSmokeTest" time="6.066" errors="0" timestamp="2025-09-09T01:54:12 IST" skipped="0">
  <testcase classname="com.myproject.tests.SampleSmokeTest" name="homePageLoads" time="6.066"/>
</testsuite> <!-- com.myproject.tests.SampleSmokeTest -->
