<?xml version="1.0" encoding="UTF-8"?>
<!-- Generated by org.testng.reporters.JUnitReportReporter -->
<testsuite hostname="LAPTOP-IT7JOLC2" failures="0" tests="14" name="com.myproject.tests.HomePageUITest" time="61.822" errors="0" timestamp="2025-09-16T01:08:18 IST" skipped="0">
  <testcase classname="com.myproject.tests.HomePageUITest" name="verifyCartIcon" time="4.024"/>
  <testcase classname="com.myproject.tests.HomePageUITest" name="verifyTestCaseButtonClickable" time="3.905"/>
  <testcase classname="com.myproject.tests.HomePageUITest" name="verifyCategoriesSection" time="4.590"/>
  <testcase classname="com.myproject.tests.HomePageUITest" name="verifyHomePageLoadsAndHomeIcon" time="3.788"/>
  <testcase classname="com.myproject.tests.HomePageUITest" name="verifySignupLoginIcon" time="3.112"/>
  <testcase classname="com.myproject.tests.HomePageUITest" name="verifyTestCasesIcon" time="3.997"/>
  <testcase classname="com.myproject.tests.HomePageUITest" name="verifyContactUsIcon" time="5.220"/>
  <testcase classname="com.myproject.tests.HomePageUITest" name="verifyProductsIcon" time="3.432"/>
  <testcase classname="com.myproject.tests.HomePageUITest" name="verifyProductsOnHomepage" time="12.349"/>
  <testcase classname="com.myproject.tests.HomePageUITest" name="verifyBrandsSection" time="3.020"/>
  <testcase classname="com.myproject.tests.HomePageUITest" name="verifyApiTestingIcon" time="3.489"/>
  <testcase classname="com.myproject.tests.HomePageUITest" name="verifyFeatureItemsSection" time="2.815"/>
  <testcase classname="com.myproject.tests.HomePageUITest" name="verifyVideoTutorialsIcon" time="5.063"/>
  <testcase classname="com.myproject.tests.HomePageUITest" name="verifyCarousel" time="3.018"/>
</testsuite> <!-- com.myproject.tests.HomePageUITest -->
